<?xml version="1.0" encoding="UTF-8"?>
<!-- Generated by org.testng.reporters.JUnitXMLReporter -->
<testsuite ignored="0" hostname="LAPTOP-JQ2MJO8F" failures="0" tests="4" name="Test" time="0.029" errors="0" timestamp="2021-12-20T15:02:09 GMT">
  <testcase classname="learningSelenium.MavenPractice.SeleniumTest" name="BrowserAutomation" time="0.003"/>
  <testcase classname="learningSelenium.MavenPractice.SeleniumTest" name="ElementUi" time="0.0"/>
  <testcase classname="learningSelenium.MavenPractice.AppiumTest" name="IOSapp" time="0.001"/>
  <testcase classname="learningSelenium.MavenPractice.AppiumTest" name="NativeAPPAndroid" time="0.0"/>
</testsuite> <!-- Test -->
