<?xml version="1.0" encoding="UTF-8"?>
<testng-results ignored="0" total="4" passed="4" failed="0" skipped="0">
  <reporter-output>
  </reporter-output>
  <suite started-at="2021-12-20T15:02:09 GMT" name="Suite" finished-at="2021-12-20T15:02:09 GMT" duration-ms="29">
    <groups>
    </groups>
    <test started-at="2021-12-20T15:02:09 GMT" name="Test" finished-at="2021-12-20T15:02:09 GMT" duration-ms="29">
      <class name="learningSelenium.MavenPractice.AppiumTest">
        <test-method signature="IOSapp()[pri:0, instance:learningSelenium.MavenPractice.AppiumTest@2f7c2f4f]" started-at="2021-12-20T15:02:09 GMT" name="IOSapp" finished-at="2021-12-20T15:02:09 GMT" duration-ms="1" status="PASS">
          <reporter-output>
          </reporter-output>
        </test-method> <!-- IOSapp -->
        <test-method signature="NativeAPPAndroid()[pri:0, instance:learningSelenium.MavenPractice.AppiumTest@2f7c2f4f]" started-at="2021-12-20T15:02:09 GMT" name="NativeAPPAndroid" finished-at="2021-12-20T15:02:09 GMT" duration-ms="0" status="PASS">
          <reporter-output>
          </reporter-output>
        </test-method> <!-- NativeAPPAndroid -->
      </class> <!-- learningSelenium.MavenPractice.AppiumTest -->
      <class name="learningSelenium.MavenPractice.SeleniumTest">
        <test-method signature="BrowserAutomation()[pri:0, instance:learningSelenium.MavenPractice.SeleniumTest@7adda9cc]" started-at="2021-12-20T15:02:09 GMT" name="BrowserAutomation" finished-at="2021-12-20T15:02:09 GMT" duration-ms="3" status="PASS">
          <reporter-output>
          </reporter-output>
        </test-method> <!-- BrowserAutomation -->
        <test-method signature="ElementUi()[pri:0, instance:learningSelenium.MavenPractice.SeleniumTest@7adda9cc]" started-at="2021-12-20T15:02:09 GMT" name="ElementUi" finished-at="2021-12-20T15:02:09 GMT" duration-ms="0" status="PASS">
          <reporter-output>
          </reporter-output>
        </test-method> <!-- ElementUi -->
      </class> <!-- learningSelenium.MavenPractice.SeleniumTest -->
    </test> <!-- Test -->
  </suite> <!-- Suite -->
</testng-results>
