<?xml version="1.0" encoding="UTF-8"?>
<testng-results ignored="0" total="2" passed="2" failed="0" skipped="0">
  <reporter-output>
  </reporter-output>
  <suite started-at="2021-12-14T17:09:29 GMT" name="Default suite" finished-at="2021-12-14T17:09:29 GMT" duration-ms="41">
    <groups>
    </groups>
    <test started-at="2021-12-14T17:09:29 GMT" name="Default test" finished-at="2021-12-14T17:09:29 GMT" duration-ms="41">
      <class name="learningSelenium.MavenPractice.RestAPITesting">
        <test-method signature="APITesting1()[pri:0, instance:learningSelenium.MavenPractice.RestAPITesting@37d4349f]" started-at="2021-12-14T17:09:29 GMT" name="APITesting1" finished-at="2021-12-14T17:09:29 GMT" duration-ms="10" status="PASS">
          <reporter-output>
          </reporter-output>
        </test-method> <!-- APITesting1 -->
        <test-method signature="APITesting2()[pri:0, instance:learningSelenium.MavenPractice.RestAPITesting@37d4349f]" started-at="2021-12-14T17:09:29 GMT" name="APITesting2" finished-at="2021-12-14T17:09:29 GMT" duration-ms="0" status="PASS">
          <reporter-output>
          </reporter-output>
        </test-method> <!-- APITesting2 -->
      </class> <!-- learningSelenium.MavenPractice.RestAPITesting -->
    </test> <!-- Default test -->
  </suite> <!-- Default suite -->
</testng-results>
